<?xml version="1.0" encoding="UTF-8"?>
<testng-results ignored="0" total="1" passed="1" failed="0" skipped="0">
  <reporter-output>
  </reporter-output>
  <suite started-at="2024-11-20T12:23:27 IST" name="Default suite" finished-at="2024-11-20T12:24:24 IST" duration-ms="57607">
    <groups>
    </groups>
    <test started-at="2024-11-20T12:23:27 IST" name="Default test" finished-at="2024-11-20T12:24:24 IST" duration-ms="57607">
      <class name="test.Test2class">
        <test-method is-config="true" signature="setup()[pri:0, instance:test.Test2class@3012646b]" started-at="2024-11-20T12:23:27 IST" name="setup" finished-at="2024-11-20T12:23:28 IST" duration-ms="1835" status="PASS">
          <reporter-output>
          </reporter-output>
        </test-method> <!-- setup -->
        <test-method is-config="true" signature="url()[pri:0, instance:test.Test2class@3012646b]" started-at="2024-11-20T12:23:28 IST" name="url" finished-at="2024-11-20T12:23:43 IST" duration-ms="14977" status="PASS">
          <reporter-output>
          </reporter-output>
        </test-method> <!-- url -->
        <test-method signature="test1()[pri:0, instance:test.Test2class@3012646b]" started-at="2024-11-20T12:23:43 IST" name="test1" finished-at="2024-11-20T12:24:24 IST" duration-ms="40731" status="PASS">
          <reporter-output>
          </reporter-output>
        </test-method> <!-- test1 -->
        <test-method is-config="true" signature="teardown()[pri:0, instance:test.Test2class@3012646b]" started-at="2024-11-20T12:24:24 IST" name="teardown" finished-at="2024-11-20T12:24:24 IST" duration-ms="15" status="PASS">
          <reporter-output>
          </reporter-output>
        </test-method> <!-- teardown -->
      </class> <!-- test.Test2class -->
    </test> <!-- Default test -->
  </suite> <!-- Default suite -->
</testng-results>
